#
# There is insufficient memory for the Java Runtime Environment to continue.
# Native memory allocation (malloc) failed to allocate 1048576 bytes for AllocateHeap
# Possible reasons:
#   The system is out of physical RAM or swap space
#   The process is running with CompressedOops enabled, and the Java Heap may be blocking the growth of the native heap
# Possible solutions:
#   Reduce memory load on the system
#   Increase physical memory or swap space
#   Check if swap backing store is full
#   Decrease Java heap size (-Xmx/-Xms)
#   Decrease number of Java threads
#   Decrease Java thread stack sizes (-Xss)
#   Set larger code cache with -XX:ReservedCodeCacheSize=
#   JVM is running with Unscaled Compressed Oops mode in which the Java heap is
#     placed in the first 4GB address space. The Java Heap base address is the
#     maximum limit for the native heap growth. Please use -XX:HeapBaseMinAddress
#     to set the Java Heap base and to place the Java Heap above 4GB virtual address.
# This output file may be truncated or incomplete.
#
#  Out of Memory Error (memory/allocation.inline.hpp:61), pid=13772, tid=0x0000000000003234
#
# JRE version:  (8.0_251-b08) (build )
# Java VM: Java HotSpot(TM) 64-Bit Server VM (25.251-b08 mixed mode windows-amd64 compressed oops)
# Failed to write core dump. Minidumps are not enabled by default on client versions of Windows
#

---------------  T H R E A D  ---------------

Current thread (0x0000000003443800):  JavaThread "Unknown thread" [_thread_in_vm, id=12852, stack(0x0000000003190000,0x0000000003290000)]

Stack: [0x0000000003190000,0x0000000003290000]
[error occurred during error reporting (printing stack bounds), id 0xc0000005]

Native frames: (J=compiled Java code, j=interpreted, Vv=VM code, C=native code)


---------------  P R O C E S S  ---------------

Java Threads: ( => current thread )

Other Threads:

=>0x0000000003443800 (exited) JavaThread "Unknown thread" [_thread_in_vm, id=12852, stack(0x0000000003190000,0x0000000003290000)]

VM state:not at safepoint (normal execution)

VM Mutex/Monitor currently owned by a thread: None

heap address: 0x0000000082600000, size: 2010 MB, Compressed Oops mode: 32-bit
Narrow klass base: 0x0000000000000000, Narrow klass shift: 3
Compressed class space size: 1073741824 Address: 0x0000000100000000

Heap:
 PSYoungGen      total 37888K, used 655K [0x00000000d6200000, 0x00000000d8c00000, 0x0000000100000000)
  eden space 32768K, 2% used [0x00000000d6200000,0x00000000d62a3d80,0x00000000d8200000)
  from space 5120K, 0% used [0x00000000d8700000,0x00000000d8700000,0x00000000d8c00000)
  to   space 5120K, 0% used [0x00000000d8200000,0x00000000d8200000,0x00000000d8700000)
 ParOldGen       total 86016K, used 0K [0x0000000082600000, 0x0000000087a00000, 0x00000000d6200000)
  object space 86016K, 0% used [0x0000000082600000,0x0000000082600000,0x0000000087a00000)
 Metaspace       used 776K, capacity 4480K, committed 4480K, reserved 1056768K
  class space    used 76K, capacity 384K, committed 384K, reserved 1048576K

Card table byte_map: [0x0000000012900000,0x0000000012cf0000] byte_map_base: 0x00000000124ed000

Marking Bits: (ParMarkBitMap*) 0x0000000071c5af90
 Begin Bits: [0x0000000013390000, 0x00000000152f8000)
 End Bits:   [0x00000000152f8000, 0x0000000017260000)

Polling page: 0x0000000001100000

CodeCache: size=245760Kb used=328Kb max_used=328Kb free=245431Kb
 bounds [0x0000000003540000, 0x00000000037b0000, 0x0000000012540000]
 total_blobs=58 nmethods=0 adapters=38
 compilation: enabled

Compilation events (0 events):
No events

GC Heap History (0 events):
No events

Deoptimization events (0 events):
No events

Classes redefined (0 events):
No events

Internal exceptions (0 events):
No events

Events (10 events):
Event: 0.097 loading class java/lang/Short
Event: 0.097 loading class java/lang/Short done
Event: 0.097 loading class java/lang/Integer
Event: 0.098 loading class java/lang/Integer done
Event: 0.098 loading class java/lang/Long
Event: 0.098 loading class java/lang/Long done
Event: 0.101 loading class java/lang/NullPointerException
Event: 0.101 loading class java/lang/NullPointerException done
Event: 0.101 loading class java/lang/ArithmeticException
Event: 0.101 loading class java/lang/ArithmeticException done


Dynamic libraries:
0x00007ff641380000 - 0x00007ff6413b7000 	D:\java\1.8\bin\java.exe
0x00007ff994650000 - 0x00007ff99483d000 	C:\Windows\SYSTEM32\ntdll.dll
0x00007ff9942d0000 - 0x00007ff994383000 	C:\Windows\System32\KERNEL32.DLL
0x00007ff990ae0000 - 0x00007ff990d73000 	C:\Windows\System32\KERNELBASE.dll
0x00007ff994390000 - 0x00007ff994433000 	C:\Windows\System32\ADVAPI32.dll
0x00007ff991ff0000 - 0x00007ff99208e000 	C:\Windows\System32\msvcrt.dll
0x00007ff992750000 - 0x00007ff9927ee000 	C:\Windows\System32\sechost.dll
0x00007ff991a20000 - 0x00007ff991b42000 	C:\Windows\System32\RPCRT4.dll
0x00007ff991880000 - 0x00007ff991a17000 	C:\Windows\System32\USER32.dll
0x00007ff991860000 - 0x00007ff991880000 	C:\Windows\System32\win32u.dll
0x00007ff9941d0000 - 0x00007ff9941f9000 	C:\Windows\System32\GDI32.dll
0x00007ff9907b0000 - 0x00007ff99094a000 	C:\Windows\System32\gdi32full.dll
0x00007ff990950000 - 0x00007ff9909f0000 	C:\Windows\System32\msvcp_win.dll
0x00007ff991580000 - 0x00007ff99167a000 	C:\Windows\System32\ucrtbase.dll
0x00007ff97e530000 - 0x00007ff97e7a9000 	C:\Windows\WinSxS\amd64_microsoft.windows.common-controls_6595b64144ccf1df_6.0.17763.348_none_05b73c0a071d7a57\COMCTL32.dll
0x00007ff991cc0000 - 0x00007ff991fed000 	C:\Windows\System32\combase.dll
0x00007ff990a60000 - 0x00007ff990ade000 	C:\Windows\System32\bcryptPrimitives.dll
0x00007ff992810000 - 0x00007ff99283e000 	C:\Windows\System32\IMM32.DLL
0x0000000071ce0000 - 0x0000000071db2000 	D:\java\1.8\jre\bin\msvcr100.dll
0x0000000071430000 - 0x0000000071cdb000 	D:\java\1.8\jre\bin\server\jvm.dll
0x00007ff992800000 - 0x00007ff992808000 	C:\Windows\System32\PSAPI.DLL
0x00007ff974570000 - 0x00007ff974579000 	C:\Windows\SYSTEM32\WSOCK32.dll
0x00007ff9926e0000 - 0x00007ff99274d000 	C:\Windows\System32\WS2_32.dll
0x00007ff98ab40000 - 0x00007ff98ab64000 	C:\Windows\SYSTEM32\WINMM.dll
0x00007ff990260000 - 0x00007ff99026a000 	C:\Windows\SYSTEM32\VERSION.dll
0x00007ff98ab10000 - 0x00007ff98ab3d000 	C:\Windows\SYSTEM32\WINMMBASE.dll
0x00007ff990a10000 - 0x00007ff990a5a000 	C:\Windows\System32\cfgmgr32.dll
0x00007ff9893f0000 - 0x00007ff9893ff000 	D:\java\1.8\jre\bin\verify.dll
0x00007ff9893c0000 - 0x00007ff9893e9000 	D:\java\1.8\jre\bin\java.dll
0x00007ff983ae0000 - 0x00007ff983b03000 	D:\java\1.8\jre\bin\instrument.dll
0x00007ff9893a0000 - 0x00007ff9893b6000 	D:\java\1.8\jre\bin\zip.dll

VM Arguments:
jvm_args: -ea -Didea.test.cyclic.buffer.size=1048576 -javaagent:D:\Program Files\IntelliJ IDEA 2018.3.2\lib\idea_rt.jar=52687:D:\Program Files\IntelliJ IDEA 2018.3.2\bin -Dfile.encoding=UTF-8 
java_command: com.intellij.rt.execution.junit.JUnitStarter -ideVersion5 -junit4 com.ring.Util.Parameter,test
java_class_path (initial): D:\Program Files\IntelliJ IDEA 2018.3.2\lib\idea_rt.jar;D:\Program Files\IntelliJ IDEA 2018.3.2\plugins\junit\lib\junit-rt.jar;D:\Program Files\IntelliJ IDEA 2018.3.2\plugins\junit\lib\junit5-rt.jar;D:\java\1.8\jre\lib\charsets.jar;D:\java\1.8\jre\lib\deploy.jar;D:\java\1.8\jre\lib\ext\access-bridge-64.jar;D:\java\1.8\jre\lib\ext\cldrdata.jar;D:\java\1.8\jre\lib\ext\dnsns.jar;D:\java\1.8\jre\lib\ext\jaccess.jar;D:\java\1.8\jre\lib\ext\jfxrt.jar;D:\java\1.8\jre\lib\ext\localedata.jar;D:\java\1.8\jre\lib\ext\nashorn.jar;D:\java\1.8\jre\lib\ext\sunec.jar;D:\java\1.8\jre\lib\ext\sunjce_provider.jar;D:\java\1.8\jre\lib\ext\sunmscapi.jar;D:\java\1.8\jre\lib\ext\sunpkcs11.jar;D:\java\1.8\jre\lib\ext\zipfs.jar;D:\java\1.8\jre\lib\javaws.jar;D:\java\1.8\jre\lib\jce.jar;D:\java\1.8\jre\lib\jfr.jar;D:\java\1.8\jre\lib\jfxswt.jar;D:\java\1.8\jre\lib\jsse.jar;D:\java\1.8\jre\lib\management-agent.jar;D:\java\1.8\jre\lib\plugin.jar;D:\java\1.8\jre\lib\resources.jar;D:\java\1.8\jre\lib\rt.jar;D:\project\compression\target\test-classes;D:\project\compression\target\classes;D:\maven-repository\org\apache\wicket\wicket\1.3.2\wicket-1.3.2.jar;D:\maven-repository\org\slf4j\slf4j-api\1.4.2\slf4j-api-1.4.2.jar;D:\maven-repository\org\slf4j\slf4j-log4j12\1.4.2\slf4j-log4j12-1.4.2.jar;D:\maven-repository\log4j\log4j\1.2.14\log4j-1.2.14.jar;D:\maven-repository\junit\junit\4.12\junit-4.12.jar;D:\maven-repository\org\hamcrest\hamcrest-core\1.3\hamcrest-core-1.3.jar;D:\maven-repository\org\apache\commons\commons-compress\1.20\commons-compress-1.20.jar;D:\Program Files\IntelliJ IDEA 2018.3.2\lib\idea_rt.jar
Launcher Type: SUN_STANDARD

Environment Variables:
JAVA_HOME=D:\java\1.8
CLASSPATH=.;D:\java\1.8\lib
PATH=D:\oracle\bin;C:\Program Files (x86)\Common Files\Oracle\Java\javapath;D:\Program Files\xmanager\Xlpd 6\;D:\Program Files\xmanager\Xftp 6\;D:\Program Files\xshell\;C:\Windows\system32;C:\Windows;C:\Windows\System32\Wbem;C:\Windows\System32\WindowsPowerShell\v1.0\;C:\Windows\System32\OpenSSH\;C:\Program Files (x86)\Intel\Intel(R) Management Engine Components\DAL;C:\Program Files\Intel\Intel(R) Management Engine Components\DAL;D:\Program Files\go\bin;D:\Program Files\Navicat Premium 12\instantclient_12_2;C:\Program Files\Microsoft SQL Server\110\Tools\Binn\;C:\instantclient_11_2;D:\Program Files\mysql\active perl\bin;D:\Program Files\mysql\GnuWin32\bin;D:\mysql-5.7.29-winx64\bin;C:\Program Files\Microsoft SQL Server\120\DTS\Binn\;C:\Program Files\Microsoft SQL Server\Client SDK\ODBC\110\Tools\Binn\;C:\Program Files (x86)\Microsoft SQL Server\120\Tools\Binn\;C:\Program Files\Microsoft SQL Server\120\Tools\Binn\;C:\Program Files (x86)\Microsoft SQL Server\120\Tools\Binn\ManagementStudio\;C:\Program Files (x86)\Microsoft SQL Server\120\DTS\Binn\;D:\MinGW\bin;D:\Program Files\apache-maven-3.6.3\bin;D:\java\1.8\bin;D:\nodejs\;D:\nodejs\node_global;C:\Program Files\dotnet\;C:\Program Files\Microsoft SQL Server\130\Tools\Binn\;C:\Program Files\Microsoft SQL Server\Client SDK\ODBC\170\Tools\Binn\;D:\Program Files\svn\bin;D:\git\Git\cmd;D:\lang\py3.7\Scripts\;D:\lang\py3.7\;C:\Users\Administrator\AppData\Local\Microsoft\WindowsApps;C:\Users\Administrator\go\bin;"D:\java\1.8\bin;D:\java\1.8\jre\bin";;D:\Program Files\PyCharm 2019.1.1\bin;;D:\Program Files\IntelliJ IDEA 2018.3.2\bin;;D:\Program Files\Microsoft VS Code\bin;D:\Program Files\Fiddler;C:\Users\Administrator\AppData\Roaming\npm;C:\Users\Administrator\.dotnet\tools
USERNAME=Administrator
OS=Windows_NT
PROCESSOR_IDENTIFIER=Intel64 Family 6 Model 142 Stepping 11, GenuineIntel



---------------  S Y S T E M  ---------------

OS: Windows 10.0 , 64 bit Build 17763 (10.0.17763.292)

CPU:total 4 (initial active 4) (4 cores per cpu, 2 threads per core) family 6 model 142 stepping 11, cmov, cx8, fxsr, mmx, sse, sse2, sse3, ssse3, sse4.1, sse4.2, popcnt, avx, avx2, aes, clmul, erms, 3dnowpref, lzcnt, ht, tsc, tscinvbit, bmi1, bmi2, adx

Memory: 4k page, physical 8230164k(2108400k free), swap 10327316k(4568k free)

vm_info: Java HotSpot(TM) 64-Bit Server VM (25.251-b08) for windows-amd64 JRE (1.8.0_251-b08), built on Mar 12 2020 06:31:49 by "" with MS VC++ 10.0 (VS2010)

time: Wed Aug 04 10:49:39 2021
timezone: 马来西亚半岛标准时间
elapsed time: 0 seconds (0d 0h 0m 0s)

